
> ui-v2@0.0.0 build
> tsc -b && vite build

src/components/layout/EnvironmentIndicator.tsx(25,61): error TS2769: No overload matches this call.
  Overload 1 of 2, '(predicate: (value: Environment, index: number, obj: Environment[]) => value is Environment, thisArg?: any): Environment | undefined', gave the following error.
    Argument of type '(env: EnvironmentSummary) => boolean | undefined' is not assignable to parameter of type '(value: Environment, index: number, obj: Environment[]) => value is Environment'.
      Types of parameters 'env' and 'value' are incompatible.
        Property 'variable_count' is missing in type 'Environment' but required in type 'EnvironmentSummary'.
  Overload 2 of 2, '(predicate: (value: Environment, index: number, obj: Environment[]) => unknown, thisArg?: any): Environment | undefined', gave the following error.
    Argument of type '(env: EnvironmentSummary) => boolean | undefined' is not assignable to parameter of type '(value: Environment, index: number, obj: Environment[]) => unknown'.
      Types of parameters 'env' and 'value' are incompatible.
        Property 'variable_count' is missing in type 'Environment' but required in type 'EnvironmentSummary'.
src/components/layout/EnvironmentIndicator.tsx(55,67): error TS2769: No overload matches this call.
  Overload 1 of 2, '(predicate: (value: Environment, index: number, array: Environment[]) => value is Environment, thisArg?: any): Environment[] | undefined', gave the following error.
    Argument of type '(env: EnvironmentSummary) => boolean' is not assignable to parameter of type '(value: Environment, index: number, array: Environment[]) => value is Environment'.
      Types of parameters 'env' and 'value' are incompatible.
        Property 'variable_count' is missing in type 'Environment' but required in type 'EnvironmentSummary'.
  Overload 2 of 2, '(predicate: (value: Environment, index: number, array: Environment[]) => unknown, thisArg?: any): Environment[] | undefined', gave the following error.
    Argument of type '(env: EnvironmentSummary) => boolean' is not assignable to parameter of type '(value: Environment, index: number, array: Environment[]) => unknown'.
      Types of parameters 'env' and 'value' are incompatible.
        Property 'variable_count' is missing in type 'Environment' but required in type 'EnvironmentSummary'.
src/components/layout/EnvironmentIndicator.tsx(115,40): error TS2345: Argument of type '(environment: EnvironmentSummary) => JSX.Element' is not assignable to parameter of type '(value: Environment, index: number, array: Environment[]) => Element'.
  Types of parameters 'environment' and 'value' are incompatible.
    Property 'variable_count' is missing in type 'Environment' but required in type 'EnvironmentSummary'.
src/components/plugins/PluginList.tsx(183,10): error TS2739: Type '{ children: Element[]; }' is missing the following properties from type 'TableProps': columns, data
src/components/ui/DesignSystem.tsx(1017,41): error TS2769: No overload matches this call.
  The last overload gave the following error.
    Object literal may only specify known properties, and 'onValueChange' does not exist in type 'Partial<unknown> & Attributes'.
src/components/workspace/EncryptionSettings.tsx(11,58): error TS2307: Cannot find module '../ui/tabs' or its corresponding type declarations.
src/components/workspace/EncryptionSettings.tsx(410,24): error TS18048: 'securityCheck.warnings' is possibly 'undefined'.
src/components/workspace/EncryptionSettings.tsx(412,82): error TS18048: 'securityCheck.warnings' is possibly 'undefined'.
src/components/workspace/EncryptionSettings.tsx(414,30): error TS18048: 'securityCheck.warnings' is possibly 'undefined'.
src/components/workspace/EncryptionSettings.tsx(431,24): error TS18048: 'securityCheck.errors' is possibly 'undefined'.
src/components/workspace/EncryptionSettings.tsx(433,77): error TS18048: 'securityCheck.errors' is possibly 'undefined'.
src/components/workspace/EncryptionSettings.tsx(435,30): error TS18048: 'securityCheck.errors' is possibly 'undefined'.
src/components/workspace/EncryptionSettings.tsx(452,24): error TS18048: 'securityCheck.recommendations' is possibly 'undefined'.
src/components/workspace/EncryptionSettings.tsx(456,30): error TS18048: 'securityCheck.recommendations' is possibly 'undefined'.
src/components/workspace/EncryptionSettings.tsx(639,20): error TS18048: 'config.sensitiveHeaders' is possibly 'undefined'.
src/components/workspace/EncryptionSettings.tsx(646,26): error TS18048: 'config.sensitiveHeaders' is possibly 'undefined'.
src/components/workspace/EncryptionSettings.tsx(663,20): error TS18048: 'config.sensitiveFields' is possibly 'undefined'.
src/components/workspace/EncryptionSettings.tsx(670,26): error TS18048: 'config.sensitiveFields' is possibly 'undefined'.
src/components/workspace/EncryptionSettings.tsx(687,20): error TS18048: 'config.sensitiveEnvVars' is possibly 'undefined'.
src/components/workspace/EncryptionSettings.tsx(694,26): error TS18048: 'config.sensitiveEnvVars' is possibly 'undefined'.
src/components/workspace/EncryptionSettings.tsx(711,26): error TS18048: 'config.customPatterns' is possibly 'undefined'.
src/components/workspace/EnvironmentManager.tsx(174,8): error TS2739: Type '{ children: Element[]; }' is missing the following properties from type 'ContextMenuProps': items, position, onClose
src/components/workspace/EnvironmentManager.tsx(260,15): error TS2322: Type '{ children: (string | Element)[]; onClick: () => Promise<void>; className: string; }' is not assignable to type 'IntrinsicAttributes & { children: ReactNode; onClick?: (() => void) | undefined; }'.
  Property 'className' does not exist on type 'IntrinsicAttributes & { children: ReactNode; onClick?: (() => void) | undefined; }'.
src/components/workspace/WorkspaceSettingsDialog.tsx(146,23): error TS2322: Type '(value: SyncDirection) => void' is not assignable to type '(value: string) => void'.
  Types of parameters 'value' and 'value' are incompatible.
    Type 'string' is not assignable to type 'SyncDirection'.
src/components/workspace/WorkspaceSettingsDialog.tsx(163,23): error TS2322: Type '(value: SyncDirectoryStructure) => void' is not assignable to type '(value: string) => void'.
  Types of parameters 'value' and 'value' are incompatible.
    Type 'string' is not assignable to type 'SyncDirectoryStructure'.
src/hooks/useApi.ts(261,37): error TS2554: Expected 1 arguments, but got 2.
src/hooks/useApi.ts(270,38): error TS2554: Expected 1 arguments, but got 2.
src/hooks/useKeyboardNavigation.ts(72,47): error TS2345: Argument of type '(event: KeyboardEvent) => void' is not assignable to parameter of type 'EventListenerOrEventListenerObject'.
  Type '(event: KeyboardEvent) => void' is not assignable to type 'EventListener'.
    Types of parameters 'event' and 'evt' are incompatible.
      Type 'Event' is missing the following properties from type 'KeyboardEvent': altKey, charCode, code, ctrlKey, and 17 more.
src/hooks/useKeyboardNavigation.ts(75,52): error TS2345: Argument of type '(event: KeyboardEvent) => void' is not assignable to parameter of type 'EventListenerOrEventListenerObject'.
  Type '(event: KeyboardEvent) => void' is not assignable to type 'EventListener'.
    Types of parameters 'event' and 'evt' are incompatible.
      Type 'Event' is missing the following properties from type 'KeyboardEvent': altKey, charCode, code, ctrlKey, and 17 more.
src/hooks/useOptimisticUpdates.ts(204,30): error TS2554: Expected 1 arguments, but got 0.
src/pages/DashboardPage.tsx(34,88): error TS7006: Parameter 'log' implicitly has an 'any' type.
src/pages/DashboardPage.tsx(47,67): error TS7006: Parameter 'log' implicitly has an 'any' type.
src/pages/DashboardPage.tsx(210,15): error TS2322: Type '{ service: string; route: string; p50: number; p95: number; p99: number; histogram: { range: string; count: unknown; }[]; }[]' is not assignable to type 'LatencyMetrics[]'.
  Type '{ service: string; route: string; p50: number; p95: number; p99: number; histogram: { range: string; count: unknown; }[]; }' is missing the following properties from type 'LatencyMetrics': avg_response_time, min_response_time, max_response_time, p50_response_time, and 3 more.
src/pages/FixturesPage.tsx(403,82): error TS2345: Argument of type 'number | undefined' is not assignable to parameter of type 'number'.
  Type 'undefined' is not assignable to type 'number'.
src/pages/FixturesPage.tsx(406,79): error TS2345: Argument of type 'string | undefined' is not assignable to parameter of type 'string'.
  Type 'undefined' is not assignable to type 'string'.
src/pages/ImportPage.tsx(144,37): error TS2322: Type '{ children: string; variant: "outline"; as: string; }' is not assignable to type 'IntrinsicAttributes & ButtonProps'.
  Property 'as' does not exist on type 'IntrinsicAttributes & ButtonProps'.
src/pages/ImportPage.tsx(154,11): error TS2304: Cannot find name 'ImportRoute'.
src/pages/ImportPage.tsx(347,22): error TS18048: 'entry.variables_count' is possibly 'undefined'.
src/pages/ImportPage.tsx(350,22): error TS18048: 'entry.warnings_count' is possibly 'undefined'.
src/pages/ImportPage.tsx(528,57): error TS2322: Type 'TabType' is not assignable to type 'ImportFormat'.
  Type '"history"' is not assignable to type 'ImportFormat'.
src/pages/MetricsPage.tsx(183,20): error TS2571: Object is of type 'unknown'.
src/pages/MetricsPage.tsx(183,81): error TS18046: 'a' is of type 'unknown'.
src/pages/MetricsPage.tsx(183,85): error TS18046: 'b' is of type 'unknown'.
src/pages/MetricsPage.tsx(189,34): error TS2571: Object is of type 'unknown'.
src/pages/MetricsPage.tsx(189,100): error TS18046: 'a' is of type 'unknown'.
src/pages/MetricsPage.tsx(189,104): error TS18046: 'b' is of type 'unknown'.
src/pages/MetricsPage.tsx(195,24): error TS2571: Object is of type 'unknown'.
src/pages/MetricsPage.tsx(195,87): error TS18046: 'a' is of type 'unknown'.
src/pages/MetricsPage.tsx(195,91): error TS18046: 'b' is of type 'unknown'.
src/pages/MetricsPage.tsx(254,62): error TS7031: Binding element 'timestamp' implicitly has an 'any' type.
src/pages/MetricsPage.tsx(254,73): error TS7031: Binding element 'value' implicitly has an 'any' type.
src/pages/MetricsPage.tsx(263,59): error TS7031: Binding element 'timestamp' implicitly has an 'any' type.
src/pages/MetricsPage.tsx(263,70): error TS7031: Binding element 'value' implicitly has an 'any' type.
src/pages/MetricsPage.tsx(304,26): error TS18046: 'requestCount' is of type 'unknown'.
src/pages/WorkspacesPage.tsx(2,28): error TS2307: Cannot find module '../../services/api' or its corresponding type declarations.
src/pages/WorkspacesPage.tsx(3,42): error TS2307: Cannot find module '../../hooks/useApi' or its corresponding type declarations.
src/pages/WorkspacesPage.tsx(4,35): error TS2307: Cannot find module '../../stores/useWorkspaceStore' or its corresponding type declarations.
src/pages/WorkspacesPage.tsx(15,8): error TS2307: Cannot find module '../../types' or its corresponding type declarations.
src/pages/WorkspacesPage.tsx(27,26): error TS2307: Cannot find module '../components/ui/checkbox' or its corresponding type declarations.
src/pages/WorkspacesPage.tsx(288,55): error TS7006: Parameter '_' implicitly has an 'any' type.
src/pages/WorkspacesPage.tsx(317,49): error TS7006: Parameter 'ws' implicitly has an 'any' type.
src/pages/WorkspacesPage.tsx(318,48): error TS7006: Parameter 'ws' implicitly has an 'any' type.
src/pages/WorkspacesPage.tsx(330,7): error TS2304: Cannot find name 'setWorkspaces'.
src/pages/WorkspacesPage.tsx(345,7): error TS2304: Cannot find name 'loadWorkspaces'.
src/pages/WorkspacesPage.tsx(480,26): error TS7006: Parameter 'workspace' implicitly has an 'any' type.
src/pages/WorkspacesPage.tsx(731,47): error TS7006: Parameter 'checked' implicitly has an 'any' type.
src/pages/WorkspacesPage.tsx(770,28): error TS2304: Cannot find name 'importHistory'.
src/pages/WorkspacesPage.tsx(773,29): error TS2304: Cannot find name 'importHistory'.
src/pages/WorkspacesPage.tsx(773,48): error TS7006: Parameter 'item' implicitly has an 'any' type.
src/pages/WorkspacesPage.tsx(773,54): error TS7006: Parameter 'index' implicitly has an 'any' type.
src/pages/WorkspacesPage.tsx(824,53): error TS7006: Parameter 'folder' implicitly has an 'any' type.
src/pages/WorkspacesPage.tsx(858,53): error TS7006: Parameter 'request' implicitly has an 'any' type.
src/pages/WorkspacesPage.tsx(889,54): error TS7006: Parameter 'request' implicitly has an 'any' type.
src/pages/WorkspacesPage.tsx(945,82): error TS7006: Parameter '_' implicitly has an 'any' type.
src/pages/WorkspacesPage.tsx(972,49): error TS7006: Parameter 'route' implicitly has an 'any' type.
src/pages/WorkspacesPage.tsx(977,43): error TS7006: Parameter 'checked' implicitly has an 'any' type.
src/pages/WorkspacesPage.tsx(1026,12): error TS2739: Type '{ requestId: string; }' is missing the following properties from type 'ResponseHistoryProps': workspaceId, requestName
src/pages/WorkspacesPage.tsx(1039,12): error TS2741: Property 'workspaceName' is missing in type '{ workspaceId: any; }' but required in type 'EncryptionSettingsProps'.
src/services/api.ts(104,35): error TS2304: Cannot find name 'WorkspaceListResponse'.
src/services/api.ts(108,52): error TS2304: Cannot find name 'WorkspaceResponse'.
src/services/api.ts(112,34): error TS2304: Cannot find name 'CreateWorkspaceRequest'.
src/services/api.ts(112,67): error TS2304: Cannot find name 'CreateWorkspaceResponse'.
src/services/api.ts(122,64): error TS2304: Cannot find name 'CreateWorkspaceResponse'.
src/services/api.ts(144,67): error TS2304: Cannot find name 'FolderResponse'.
src/services/api.ts(148,52): error TS2304: Cannot find name 'CreateFolderRequest'.
src/services/api.ts(148,82): error TS2304: Cannot find name 'CreateFolderResponse'.
src/services/api.ts(158,53): error TS2304: Cannot find name 'CreateRequestRequest'.
src/services/api.ts(158,84): error TS2304: Cannot find name 'CreateRequestResponse'.
src/services/api.ts(188,83): error TS2304: Cannot find name 'ExecuteRequestRequest'.
src/services/api.ts(188,115): error TS2304: Cannot find name 'ExecuteRequestResponse'.
src/services/api.ts(450,32): error TS2304: Cannot find name 'FixtureInfo'.
src/stores/useWorkspaceStore.ts(39,60): error TS7006: Parameter 'w' implicitly has an 'any' type.
src/stores/useWorkspaceStore.ts(58,60): error TS7006: Parameter 'w' implicitly has an 'any' type.
